<?xml version="1.0" encoding="UTF-8"?>
<!-- Generated by org.testng.reporters.JUnitXMLReporter -->
<testsuite hostname="jaharon-lt" ignored="0" name="Test" tests="1" failures="0" timestamp="15 May 2018 05:43:45 GMT" time="14.351" errors="0">
  <testcase name="@BeforeMethod setUp" time="14.258" classname="Jenkins_Demo.Jenkins_Demo.AppTest">
    <failure type="java.lang.NullPointerException">
      <![CDATA[java.lang.NullPointerException
	at Jenkins_Demo.Jenkins_Demo.AppTest.setUp(AppTest.java:20)
	at java.util.concurrent.ThreadPoolExecutor.runWorker(ThreadPoolExecutor.java:1149)
	at java.util.concurrent.ThreadPoolExecutor$Worker.run(ThreadPoolExecutor.java:624)
	at java.lang.Thread.run(Thread.java:748)
... Removed 12 stack frames]]>
    </failure>
  </testcase> <!-- @BeforeMethod setUp -->
  <testcase name="test" time="0.0" classname="Jenkins_Demo.Jenkins_Demo.AppTest">
    <skipped/>
  </testcase> <!-- test -->
</testsuite> <!-- Test -->
